{"/app/src/App.jsx": {"path":"/app/src/App.jsx","statementMap":{"0":{"start":{"line":11,"column":34},"end":{"line":11,"column":46}},"1":{"start":{"line":12,"column":40},"end":{"line":12,"column":55}},"2":{"start":{"line":13,"column":46},"end":{"line":13,"column":58}},"3":{"start":{"line":14,"column":36},"end":{"line":14,"column":56}},"4":{"start":{"line":15,"column":34},"end":{"line":15,"column":48}},"5":{"start":{"line":16,"column":44},"end":{"line":16,"column":53}},"6":{"start":{"line":19,"column":2},"end":{"line":23,"column":9}},"7":{"start":{"line":20,"column":4},"end":{"line":22,"column":5}},"8":{"start":{"line":21,"column":6},"end":{"line":21,"column":22}},"9":{"start":{"line":25,"column":24},"end":{"line":32,"column":3}},"10":{"start":{"line":26,"column":21},"end":{"line":26,"column":66}},"11":{"start":{"line":27,"column":17},"end":{"line":27,"column":38}},"12":{"start":{"line":29,"column":26},"end":{"line":29,"column":75}},"13":{"start":{"line":31,"column":4},"end":{"line":31,"column":48}},"14":{"start":{"line":31,"column":20},"end":{"line":31,"column":46}},"15":{"start":{"line":34,"column":21},"end":{"line":37,"column":3}},"16":{"start":{"line":35,"column":4},"end":{"line":35,"column":26}},"17":{"start":{"line":36,"column":4},"end":{"line":36,"column":26}},"18":{"start":{"line":39,"column":26},"end":{"line":42,"column":3}},"19":{"start":{"line":40,"column":4},"end":{"line":40,"column":26}},"20":{"start":{"line":41,"column":4},"end":{"line":41,"column":25}},"21":{"start":{"line":44,"column":24},"end":{"line":47,"column":3}},"22":{"start":{"line":45,"column":4},"end":{"line":45,"column":31}},"23":{"start":{"line":46,"column":4},"end":{"line":46,"column":25}},"24":{"start":{"line":49,"column":19},"end":{"line":54,"column":3}},"25":{"start":{"line":50,"column":4},"end":{"line":50,"column":17}},"26":{"start":{"line":51,"column":4},"end":{"line":53,"column":5}},"27":{"start":{"line":52,"column":6},"end":{"line":52,"column":22}},"28":{"start":{"line":56,"column":25},"end":{"line":56,"column":182}},"29":{"start":{"line":57,"column":25},"end":{"line":57,"column":49}},"30":{"start":{"line":58,"column":27},"end":{"line":58,"column":72}},"31":{"start":{"line":60,"column":2},"end":{"line":156,"column":4}},"32":{"start":{"line":69,"column":18},"end":{"line":69,"column":27}},"33":{"start":{"line":70,"column":18},"end":{"line":70,"column":36}},"34":{"start":{"line":78,"column":47},"end":{"line":78,"column":70}},"35":{"start":{"line":80,"column":47},"end":{"line":80,"column":67}},"36":{"start":{"line":84,"column":31},"end":{"line":84,"column":51}},"37":{"start":{"line":90,"column":31},"end":{"line":90,"column":54}},"38":{"start":{"line":103,"column":27},"end":{"line":103,"column":51}},"39":{"start":{"line":111,"column":27},"end":{"line":111,"column":49}}},"fnMap":{"0":{"name":"App","decl":{"start":{"line":10,"column":9},"end":{"line":10,"column":12}},"loc":{"start":{"line":10,"column":15},"end":{"line":157,"column":1}},"line":10},"1":{"name":"(anonymous_1)","decl":{"start":{"line":19,"column":12},"end":{"line":19,"column":13}},"loc":{"start":{"line":19,"column":18},"end":{"line":23,"column":3}},"line":19},"2":{"name":"(anonymous_2)","decl":{"start":{"line":25,"column":24},"end":{"line":25,"column":25}},"loc":{"start":{"line":25,"column":36},"end":{"line":32,"column":3}},"line":25},"3":{"name":"(anonymous_3)","decl":{"start":{"line":31,"column":14},"end":{"line":31,"column":15}},"loc":{"start":{"line":31,"column":20},"end":{"line":31,"column":46}},"line":31},"4":{"name":"(anonymous_4)","decl":{"start":{"line":34,"column":21},"end":{"line":34,"column":22}},"loc":{"start":{"line":34,"column":27},"end":{"line":37,"column":3}},"line":34},"5":{"name":"(anonymous_5)","decl":{"start":{"line":39,"column":26},"end":{"line":39,"column":27}},"loc":{"start":{"line":39,"column":32},"end":{"line":42,"column":3}},"line":39},"6":{"name":"(anonymous_6)","decl":{"start":{"line":44,"column":24},"end":{"line":44,"column":25}},"loc":{"start":{"line":44,"column":37},"end":{"line":47,"column":3}},"line":44},"7":{"name":"(anonymous_7)","decl":{"start":{"line":49,"column":19},"end":{"line":49,"column":20}},"loc":{"start":{"line":49,"column":25},"end":{"line":54,"column":3}},"line":49},"8":{"name":"(anonymous_8)","decl":{"start":{"line":68,"column":25},"end":{"line":68,"column":26}},"loc":{"start":{"line":68,"column":31},"end":{"line":71,"column":17}},"line":68},"9":{"name":"(anonymous_9)","decl":{"start":{"line":78,"column":41},"end":{"line":78,"column":42}},"loc":{"start":{"line":78,"column":47},"end":{"line":78,"column":70}},"line":78},"10":{"name":"(anonymous_10)","decl":{"start":{"line":80,"column":41},"end":{"line":80,"column":42}},"loc":{"start":{"line":80,"column":47},"end":{"line":80,"column":67}},"line":80},"11":{"name":"(anonymous_11)","decl":{"start":{"line":84,"column":25},"end":{"line":84,"column":26}},"loc":{"start":{"line":84,"column":31},"end":{"line":84,"column":51}},"line":84},"12":{"name":"(anonymous_12)","decl":{"start":{"line":90,"column":25},"end":{"line":90,"column":26}},"loc":{"start":{"line":90,"column":31},"end":{"line":90,"column":54}},"line":90},"13":{"name":"(anonymous_13)","decl":{"start":{"line":103,"column":21},"end":{"line":103,"column":22}},"loc":{"start":{"line":103,"column":27},"end":{"line":103,"column":51}},"line":103},"14":{"name":"(anonymous_14)","decl":{"start":{"line":111,"column":21},"end":{"line":111,"column":22}},"loc":{"start":{"line":111,"column":27},"end":{"line":111,"column":49}},"line":111}},"branchMap":{"0":{"loc":{"start":{"line":20,"column":4},"end":{"line":22,"column":5}},"type":"if","locations":[{"start":{"line":20,"column":4},"end":{"line":22,"column":5}},{"start":{},"end":{}}],"line":20},"1":{"loc":{"start":{"line":29,"column":26},"end":{"line":29,"column":75}},"type":"cond-expr","locations":[{"start":{"line":29,"column":57},"end":{"line":29,"column":70}},{"start":{"line":29,"column":73},"end":{"line":29,"column":75}}],"line":29},"2":{"loc":{"start":{"line":51,"column":4},"end":{"line":53,"column":5}},"type":"if","locations":[{"start":{"line":51,"column":4},"end":{"line":53,"column":5}},{"start":{},"end":{}}],"line":51},"3":{"loc":{"start":{"line":64,"column":11},"end":{"line":96,"column":11}},"type":"cond-expr","locations":[{"start":{"line":65,"column":12},"end":{"line":76,"column":15}},{"start":{"line":77,"column":14},"end":{"line":96,"column":11}}],"line":64},"4":{"loc":{"start":{"line":77,"column":14},"end":{"line":96,"column":11}},"type":"cond-expr","locations":[{"start":{"line":78,"column":12},"end":{"line":78,"column":74}},{"start":{"line":79,"column":14},"end":{"line":96,"column":11}}],"line":77},"5":{"loc":{"start":{"line":79,"column":14},"end":{"line":96,"column":11}},"type":"cond-expr","locations":[{"start":{"line":80,"column":12},"end":{"line":80,"column":71}},{"start":{"line":82,"column":12},"end":{"line":95,"column":15}}],"line":79},"6":{"loc":{"start":{"line":101,"column":14},"end":{"line":101,"column":74}},"type":"cond-expr","locations":[{"start":{"line":101,"column":41},"end":{"line":101,"column":55}},{"start":{"line":101,"column":58},"end":{"line":101,"column":74}}],"line":101},"7":{"loc":{"start":{"line":109,"column":14},"end":{"line":109,"column":72}},"type":"cond-expr","locations":[{"start":{"line":109,"column":39},"end":{"line":109,"column":53}},{"start":{"line":109,"column":56},"end":{"line":109,"column":72}}],"line":109},"8":{"loc":{"start":{"line":119,"column":9},"end":{"line":129,"column":9}},"type":"binary-expr","locations":[{"start":{"line":119,"column":9},"end":{"line":119,"column":33}},{"start":{"line":120,"column":10},"end":{"line":128,"column":16}}],"line":119},"9":{"loc":{"start":{"line":131,"column":9},"end":{"line":135,"column":9}},"type":"binary-expr","locations":[{"start":{"line":131,"column":9},"end":{"line":131,"column":31}},{"start":{"line":132,"column":10},"end":{"line":134,"column":16}}],"line":131},"10":{"loc":{"start":{"line":138,"column":7},"end":{"line":154,"column":7}},"type":"binary-expr","locations":[{"start":{"line":138,"column":7},"end":{"line":138,"column":18}},{"start":{"line":138,"column":22},"end":{"line":138,"column":46}},{"start":{"line":139,"column":8},"end":{"line":153,"column":14}}],"line":138},"11":{"loc":{"start":{"line":149,"column":15},"end":{"line":149,"column":95}},"type":"cond-expr","locations":[{"start":{"line":149,"column":56},"end":{"line":149,"column":72}},{"start":{"line":149,"column":75},"end":{"line":149,"column":95}}],"line":149}},"s":{"0":26,"1":26,"2":26,"3":26,"4":26,"5":26,"6":26,"7":10,"8":0,"9":26,"10":0,"11":0,"12":0,"13":0,"14":0,"15":26,"16":0,"17":0,"18":26,"19":0,"20":0,"21":26,"22":0,"23":0,"24":26,"25":0,"26":0,"27":0,"28":26,"29":26,"30":26,"31":26,"32":1,"33":1,"34":1,"35":1,"36":4,"37":3,"38":1,"39":1},"f":{"0":26,"1":10,"2":0,"3":0,"4":0,"5":0,"6":0,"7":0,"8":1,"9":1,"10":1,"11":4,"12":3,"13":1,"14":1},"b":{"0":[0,10],"1":[0,0],"2":[0,0],"3":[4,22],"4":[5,17],"5":[4,13],"6":[25,1],"7":[1,25],"8":[26,25],"9":[26,1],"10":[26,0,0],"11":[0,0]},"_coverageSchema":"1a1c01bbd47fc00a2c39e90264f33305004495a9","hash":"6e63ee663dc29a51c38471f1fb14c0f17c0b99ca"}
,"/app/src/AuthContext.jsx": {"path":"/app/src/AuthContext.jsx","statementMap":{"0":{"start":{"line":4,"column":20},"end":{"line":11,"column":2}},"1":{"start":{"line":8,"column":22},"end":{"line":8,"column":40}},"2":{"start":{"line":9,"column":25},"end":{"line":9,"column":43}},"3":{"start":{"line":14,"column":26},"end":{"line":14,"column":40}},"4":{"start":{"line":15,"column":28},"end":{"line":15,"column":73}},"5":{"start":{"line":15,"column":43},"end":{"line":15,"column":72}},"6":{"start":{"line":18,"column":27},"end":{"line":34,"column":3}},"7":{"start":{"line":19,"column":4},"end":{"line":33,"column":5}},"8":{"start":{"line":20,"column":19},"end":{"line":22,"column":8}},"9":{"start":{"line":23,"column":6},"end":{"line":30,"column":7}},"10":{"start":{"line":24,"column":21},"end":{"line":24,"column":38}},"11":{"start":{"line":25,"column":8},"end":{"line":25,"column":22}},"12":{"start":{"line":27,"column":8},"end":{"line":27,"column":22}},"13":{"start":{"line":28,"column":8},"end":{"line":28,"column":41}},"14":{"start":{"line":29,"column":8},"end":{"line":29,"column":23}},"15":{"start":{"line":32,"column":6},"end":{"line":32,"column":20}},"16":{"start":{"line":37,"column":2},"end":{"line":41,"column":14}},"17":{"start":{"line":38,"column":4},"end":{"line":40,"column":5}},"18":{"start":{"line":39,"column":6},"end":{"line":39,"column":30}},"19":{"start":{"line":44,"column":16},"end":{"line":62,"column":3}},"20":{"start":{"line":45,"column":4},"end":{"line":61,"column":5}},"21":{"start":{"line":46,"column":19},"end":{"line":50,"column":8}},"22":{"start":{"line":51,"column":19},"end":{"line":51,"column":36}},"23":{"start":{"line":52,"column":6},"end":{"line":57,"column":7}},"24":{"start":{"line":53,"column":8},"end":{"line":53,"column":57}},"25":{"start":{"line":54,"column":8},"end":{"line":54,"column":36}},"26":{"start":{"line":55,"column":8},"end":{"line":55,"column":50}},"27":{"start":{"line":56,"column":8},"end":{"line":56,"column":33}},"28":{"start":{"line":58,"column":6},"end":{"line":58,"column":73}},"29":{"start":{"line":60,"column":6},"end":{"line":60,"column":52}},"30":{"start":{"line":65,"column":19},"end":{"line":83,"column":3}},"31":{"start":{"line":66,"column":4},"end":{"line":82,"column":5}},"32":{"start":{"line":67,"column":19},"end":{"line":71,"column":8}},"33":{"start":{"line":72,"column":19},"end":{"line":72,"column":36}},"34":{"start":{"line":73,"column":6},"end":{"line":78,"column":7}},"35":{"start":{"line":74,"column":8},"end":{"line":74,"column":57}},"36":{"start":{"line":75,"column":8},"end":{"line":75,"column":36}},"37":{"start":{"line":76,"column":8},"end":{"line":76,"column":50}},"38":{"start":{"line":77,"column":8},"end":{"line":77,"column":33}},"39":{"start":{"line":79,"column":6},"end":{"line":79,"column":80}},"40":{"start":{"line":81,"column":6},"end":{"line":81,"column":52}},"41":{"start":{"line":86,"column":17},"end":{"line":96,"column":3}},"42":{"start":{"line":87,"column":4},"end":{"line":92,"column":5}},"43":{"start":{"line":88,"column":6},"end":{"line":91,"column":9}},"44":{"start":{"line":93,"column":4},"end":{"line":93,"column":37}},"45":{"start":{"line":94,"column":4},"end":{"line":94,"column":19}},"46":{"start":{"line":95,"column":4},"end":{"line":95,"column":18}},"47":{"start":{"line":98,"column":2},"end":{"line":104,"column":4}},"48":{"start":{"line":107,"column":23},"end":{"line":107,"column":52}},"49":{"start":{"line":107,"column":29},"end":{"line":107,"column":52}}},"fnMap":{"0":{"name":"(anonymous_0)","decl":{"start":{"line":8,"column":9},"end":{"line":8,"column":10}},"loc":{"start":{"line":8,"column":22},"end":{"line":8,"column":40}},"line":8},"1":{"name":"(anonymous_1)","decl":{"start":{"line":9,"column":12},"end":{"line":9,"column":13}},"loc":{"start":{"line":9,"column":25},"end":{"line":9,"column":43}},"line":9},"2":{"name":"(anonymous_2)","decl":{"start":{"line":10,"column":10},"end":{"line":10,"column":11}},"loc":{"start":{"line":10,"column":16},"end":{"line":10,"column":18}},"line":10},"3":{"name":"AuthProvider","decl":{"start":{"line":13,"column":16},"end":{"line":13,"column":28}},"loc":{"start":{"line":13,"column":43},"end":{"line":105,"column":1}},"line":13},"4":{"name":"(anonymous_4)","decl":{"start":{"line":15,"column":37},"end":{"line":15,"column":38}},"loc":{"start":{"line":15,"column":43},"end":{"line":15,"column":72}},"line":15},"5":{"name":"(anonymous_5)","decl":{"start":{"line":18,"column":27},"end":{"line":18,"column":28}},"loc":{"start":{"line":18,"column":50},"end":{"line":34,"column":3}},"line":18},"6":{"name":"(anonymous_6)","decl":{"start":{"line":37,"column":12},"end":{"line":37,"column":13}},"loc":{"start":{"line":37,"column":18},"end":{"line":41,"column":3}},"line":37},"7":{"name":"(anonymous_7)","decl":{"start":{"line":44,"column":16},"end":{"line":44,"column":17}},"loc":{"start":{"line":44,"column":46},"end":{"line":62,"column":3}},"line":44},"8":{"name":"(anonymous_8)","decl":{"start":{"line":65,"column":19},"end":{"line":65,"column":20}},"loc":{"start":{"line":65,"column":49},"end":{"line":83,"column":3}},"line":65},"9":{"name":"(anonymous_9)","decl":{"start":{"line":86,"column":17},"end":{"line":86,"column":18}},"loc":{"start":{"line":86,"column":29},"end":{"line":96,"column":3}},"line":86},"10":{"name":"(anonymous_10)","decl":{"start":{"line":107,"column":23},"end":{"line":107,"column":24}},"loc":{"start":{"line":107,"column":29},"end":{"line":107,"column":52}},"line":107}},"branchMap":{"0":{"loc":{"start":{"line":23,"column":6},"end":{"line":30,"column":7}},"type":"if","locations":[{"start":{"line":23,"column":6},"end":{"line":30,"column":7}},{"start":{"line":26,"column":13},"end":{"line":30,"column":7}}],"line":23},"1":{"loc":{"start":{"line":38,"column":4},"end":{"line":40,"column":5}},"type":"if","locations":[{"start":{"line":38,"column":4},"end":{"line":40,"column":5}},{"start":{},"end":{}}],"line":38},"2":{"loc":{"start":{"line":52,"column":6},"end":{"line":57,"column":7}},"type":"if","locations":[{"start":{"line":52,"column":6},"end":{"line":57,"column":7}},{"start":{},"end":{}}],"line":52},"3":{"loc":{"start":{"line":52,"column":10},"end":{"line":52,"column":38}},"type":"binary-expr","locations":[{"start":{"line":52,"column":10},"end":{"line":52,"column":17}},{"start":{"line":52,"column":21},"end":{"line":52,"column":38}}],"line":52},"4":{"loc":{"start":{"line":58,"column":40},"end":{"line":58,"column":70}},"type":"binary-expr","locations":[{"start":{"line":58,"column":40},"end":{"line":58,"column":52}},{"start":{"line":58,"column":56},"end":{"line":58,"column":70}}],"line":58},"5":{"loc":{"start":{"line":73,"column":6},"end":{"line":78,"column":7}},"type":"if","locations":[{"start":{"line":73,"column":6},"end":{"line":78,"column":7}},{"start":{},"end":{}}],"line":73},"6":{"loc":{"start":{"line":73,"column":10},"end":{"line":73,"column":38}},"type":"binary-expr","locations":[{"start":{"line":73,"column":10},"end":{"line":73,"column":17}},{"start":{"line":73,"column":21},"end":{"line":73,"column":38}}],"line":73},"7":{"loc":{"start":{"line":79,"column":40},"end":{"line":79,"column":77}},"type":"binary-expr","locations":[{"start":{"line":79,"column":40},"end":{"line":79,"column":52}},{"start":{"line":79,"column":56},"end":{"line":79,"column":77}}],"line":79},"8":{"loc":{"start":{"line":87,"column":4},"end":{"line":92,"column":5}},"type":"if","locations":[{"start":{"line":87,"column":4},"end":{"line":92,"column":5}},{"start":{},"end":{}}],"line":87}},"s":{"0":2,"1":0,"2":0,"3":12,"4":12,"5":8,"6":12,"7":4,"8":4,"9":4,"10":4,"11":4,"12":0,"13":0,"14":0,"15":0,"16":12,"17":11,"18":2,"19":12,"20":4,"21":4,"22":4,"23":4,"24":1,"25":1,"26":1,"27":1,"28":3,"29":0,"30":12,"31":4,"32":4,"33":4,"34":4,"35":1,"36":1,"37":1,"38":1,"39":3,"40":0,"41":12,"42":1,"43":1,"44":1,"45":1,"46":1,"47":12,"48":2,"49":63},"f":{"0":0,"1":0,"2":0,"3":12,"4":8,"5":4,"6":11,"7":4,"8":4,"9":1,"10":63},"b":{"0":[4,0],"1":[2,9],"2":[1,3],"3":[4,1],"4":[3,0],"5":[1,3],"6":[4,1],"7":[3,0],"8":[1,0]},"_coverageSchema":"1a1c01bbd47fc00a2c39e90264f33305004495a9","hash":"688e7f2c68c9de23a2162eb9f44b8c92fadf664b"}
,"/app/src/ContactForm.jsx": {"path":"/app/src/ContactForm.jsx","statementMap":{"0":{"start":{"line":3,"column":20},"end":{"line":87,"column":1}},"1":{"start":{"line":5,"column":36},"end":{"line":5,"column":77}},"2":{"start":{"line":6,"column":34},"end":{"line":6,"column":74}},"3":{"start":{"line":7,"column":28},"end":{"line":7,"column":65}},"4":{"start":{"line":10,"column":19},"end":{"line":10,"column":63}},"5":{"start":{"line":12,"column":19},"end":{"line":46,"column":3}},"6":{"start":{"line":13,"column":4},"end":{"line":13,"column":23}},"7":{"start":{"line":16,"column":17},"end":{"line":20,"column":5}},"8":{"start":{"line":24,"column":6},"end":{"line":25,"column":76}},"9":{"start":{"line":26,"column":20},"end":{"line":32,"column":5}},"10":{"start":{"line":35,"column":21},"end":{"line":35,"column":46}},"11":{"start":{"line":38,"column":4},"end":{"line":45,"column":5}},"12":{"start":{"line":40,"column":22},"end":{"line":40,"column":43}},"13":{"start":{"line":41,"column":6},"end":{"line":41,"column":29}},"14":{"start":{"line":44,"column":6},"end":{"line":44,"column":23}},"15":{"start":{"line":48,"column":2},"end":{"line":86,"column":4}},"16":{"start":{"line":57,"column":27},"end":{"line":57,"column":55}},"17":{"start":{"line":68,"column":27},"end":{"line":68,"column":54}},"18":{"start":{"line":79,"column":27},"end":{"line":79,"column":51}}},"fnMap":{"0":{"name":"(anonymous_0)","decl":{"start":{"line":3,"column":20},"end":{"line":3,"column":21}},"loc":{"start":{"line":3,"column":66},"end":{"line":87,"column":1}},"line":3},"1":{"name":"(anonymous_1)","decl":{"start":{"line":12,"column":19},"end":{"line":12,"column":20}},"loc":{"start":{"line":12,"column":32},"end":{"line":46,"column":3}},"line":12},"2":{"name":"(anonymous_2)","decl":{"start":{"line":57,"column":20},"end":{"line":57,"column":21}},"loc":{"start":{"line":57,"column":27},"end":{"line":57,"column":55}},"line":57},"3":{"name":"(anonymous_3)","decl":{"start":{"line":68,"column":20},"end":{"line":68,"column":21}},"loc":{"start":{"line":68,"column":27},"end":{"line":68,"column":54}},"line":68},"4":{"name":"(anonymous_4)","decl":{"start":{"line":79,"column":20},"end":{"line":79,"column":21}},"loc":{"start":{"line":79,"column":27},"end":{"line":79,"column":51}},"line":79}},"branchMap":{"0":{"loc":{"start":{"line":3,"column":23},"end":{"line":3,"column":43}},"type":"default-arg","locations":[{"start":{"line":3,"column":41},"end":{"line":3,"column":43}}],"line":3},"1":{"loc":{"start":{"line":5,"column":45},"end":{"line":5,"column":76}},"type":"binary-expr","locations":[{"start":{"line":5,"column":45},"end":{"line":5,"column":70}},{"start":{"line":5,"column":74},"end":{"line":5,"column":76}}],"line":5},"2":{"loc":{"start":{"line":6,"column":43},"end":{"line":6,"column":73}},"type":"binary-expr","locations":[{"start":{"line":6,"column":43},"end":{"line":6,"column":67}},{"start":{"line":6,"column":71},"end":{"line":6,"column":73}}],"line":6},"3":{"loc":{"start":{"line":7,"column":37},"end":{"line":7,"column":64}},"type":"binary-expr","locations":[{"start":{"line":7,"column":37},"end":{"line":7,"column":58}},{"start":{"line":7,"column":62},"end":{"line":7,"column":64}}],"line":7},"4":{"loc":{"start":{"line":25,"column":7},"end":{"line":25,"column":75}},"type":"cond-expr","locations":[{"start":{"line":25,"column":18},"end":{"line":25,"column":56}},{"start":{"line":25,"column":59},"end":{"line":25,"column":75}}],"line":25},"5":{"loc":{"start":{"line":27,"column":14},"end":{"line":27,"column":41}},"type":"cond-expr","locations":[{"start":{"line":27,"column":25},"end":{"line":27,"column":32}},{"start":{"line":27,"column":35},"end":{"line":27,"column":41}}],"line":27},"6":{"loc":{"start":{"line":38,"column":4},"end":{"line":45,"column":5}},"type":"if","locations":[{"start":{"line":38,"column":4},"end":{"line":45,"column":5}},{"start":{"line":42,"column":11},"end":{"line":45,"column":5}}],"line":38},"7":{"loc":{"start":{"line":38,"column":8},"end":{"line":38,"column":58}},"type":"binary-expr","locations":[{"start":{"line":38,"column":8},"end":{"line":38,"column":31}},{"start":{"line":38,"column":35},"end":{"line":38,"column":58}}],"line":38},"8":{"loc":{"start":{"line":84,"column":29},"end":{"line":84,"column":59}},"type":"cond-expr","locations":[{"start":{"line":84,"column":40},"end":{"line":84,"column":48}},{"start":{"line":84,"column":51},"end":{"line":84,"column":59}}],"line":84}},"s":{"0":2,"1":0,"2":0,"3":0,"4":0,"5":0,"6":0,"7":0,"8":0,"9":0,"10":0,"11":0,"12":0,"13":0,"14":0,"15":0,"16":0,"17":0,"18":0},"f":{"0":0,"1":0,"2":0,"3":0,"4":0},"b":{"0":[0],"1":[0,0],"2":[0,0],"3":[0,0],"4":[0,0],"5":[0,0],"6":[0,0],"7":[0,0],"8":[0,0]},"_coverageSchema":"1a1c01bbd47fc00a2c39e90264f33305004495a9","hash":"cbbbdf77e067668996c470d70e46374714eabca2"}
,"/app/src/ContactList.jsx": {"path":"/app/src/ContactList.jsx","statementMap":{"0":{"start":{"line":3,"column":20},"end":{"line":59,"column":1}},"1":{"start":{"line":4,"column":19},"end":{"line":26,"column":3}},"2":{"start":{"line":6,"column":4},"end":{"line":25,"column":5}},"3":{"start":{"line":7,"column":22},"end":{"line":9,"column":7}},"4":{"start":{"line":10,"column":23},"end":{"line":13,"column":7}},"5":{"start":{"line":15,"column":6},"end":{"line":21,"column":7}},"6":{"start":{"line":17,"column":8},"end":{"line":17,"column":25}},"7":{"start":{"line":19,"column":8},"end":{"line":19,"column":74}},"8":{"start":{"line":23,"column":6},"end":{"line":23,"column":54}},"9":{"start":{"line":28,"column":2},"end":{"line":58,"column":4}},"10":{"start":{"line":42,"column":12},"end":{"line":53,"column":17}},"11":{"start":{"line":49,"column":39},"end":{"line":49,"column":61}},"12":{"start":{"line":51,"column":39},"end":{"line":51,"column":59}}},"fnMap":{"0":{"name":"(anonymous_0)","decl":{"start":{"line":3,"column":20},"end":{"line":3,"column":21}},"loc":{"start":{"line":3,"column":69},"end":{"line":59,"column":1}},"line":3},"1":{"name":"(anonymous_1)","decl":{"start":{"line":4,"column":19},"end":{"line":4,"column":20}},"loc":{"start":{"line":4,"column":33},"end":{"line":26,"column":3}},"line":4},"2":{"name":"(anonymous_2)","decl":{"start":{"line":41,"column":24},"end":{"line":41,"column":25}},"loc":{"start":{"line":42,"column":12},"end":{"line":53,"column":17}},"line":42},"3":{"name":"(anonymous_3)","decl":{"start":{"line":49,"column":33},"end":{"line":49,"column":34}},"loc":{"start":{"line":49,"column":39},"end":{"line":49,"column":61}},"line":49},"4":{"name":"(anonymous_4)","decl":{"start":{"line":51,"column":33},"end":{"line":51,"column":34}},"loc":{"start":{"line":51,"column":39},"end":{"line":51,"column":59}},"line":51}},"branchMap":{"0":{"loc":{"start":{"line":15,"column":6},"end":{"line":21,"column":7}},"type":"if","locations":[{"start":{"line":15,"column":6},"end":{"line":21,"column":7}},{"start":{"line":18,"column":13},"end":{"line":21,"column":7}}],"line":15}},"s":{"0":3,"1":28,"2":1,"3":1,"4":1,"5":1,"6":1,"7":0,"8":0,"9":28,"10":6,"11":1,"12":1},"f":{"0":28,"1":1,"2":6,"3":1,"4":1},"b":{"0":[1,0]},"_coverageSchema":"1a1c01bbd47fc00a2c39e90264f33305004495a9","hash":"6151d50e9e4b1dc3f73769f2e9d3d7dfcf796ddf"}
,"/app/src/ImageSearch.jsx": {"path":"/app/src/ImageSearch.jsx","statementMap":{"0":{"start":{"line":3,"column":20},"end":{"line":60,"column":1}},"1":{"start":{"line":4,"column":30},"end":{"line":4,"column":42}},"2":{"start":{"line":5,"column":32},"end":{"line":5,"column":44}},"3":{"start":{"line":6,"column":30},"end":{"line":6,"column":44}},"4":{"start":{"line":8,"column":25},"end":{"line":33,"column":5}},"5":{"start":{"line":9,"column":8},"end":{"line":32,"column":9}},"6":{"start":{"line":12,"column":29},"end":{"line":12,"column":94}},"7":{"start":{"line":13,"column":12},"end":{"line":15,"column":13}},"8":{"start":{"line":14,"column":16},"end":{"line":14,"column":74}},"9":{"start":{"line":16,"column":25},"end":{"line":16,"column":46}},"10":{"start":{"line":19,"column":12},"end":{"line":26,"column":13}},"11":{"start":{"line":20,"column":16},"end":{"line":23,"column":21}},"12":{"start":{"line":20,"column":51},"end":{"line":23,"column":17}},"13":{"start":{"line":25,"column":16},"end":{"line":25,"column":30}},"14":{"start":{"line":27,"column":12},"end":{"line":27,"column":27}},"15":{"start":{"line":29,"column":12},"end":{"line":29,"column":55}},"16":{"start":{"line":30,"column":12},"end":{"line":30,"column":65}},"17":{"start":{"line":31,"column":12},"end":{"line":31,"column":26}},"18":{"start":{"line":35,"column":4},"end":{"line":59,"column":6}},"19":{"start":{"line":41,"column":33},"end":{"line":41,"column":57}},"20":{"start":{"line":49,"column":24},"end":{"line":52,"column":30}}},"fnMap":{"0":{"name":"(anonymous_0)","decl":{"start":{"line":3,"column":20},"end":{"line":3,"column":21}},"loc":{"start":{"line":3,"column":26},"end":{"line":60,"column":1}},"line":3},"1":{"name":"(anonymous_1)","decl":{"start":{"line":8,"column":25},"end":{"line":8,"column":26}},"loc":{"start":{"line":8,"column":37},"end":{"line":33,"column":5}},"line":8},"2":{"name":"(anonymous_2)","decl":{"start":{"line":20,"column":43},"end":{"line":20,"column":44}},"loc":{"start":{"line":20,"column":51},"end":{"line":23,"column":17}},"line":20},"3":{"name":"(anonymous_3)","decl":{"start":{"line":41,"column":26},"end":{"line":41,"column":27}},"loc":{"start":{"line":41,"column":33},"end":{"line":41,"column":57}},"line":41},"4":{"name":"(anonymous_4)","decl":{"start":{"line":48,"column":31},"end":{"line":48,"column":32}},"loc":{"start":{"line":49,"column":24},"end":{"line":52,"column":30}},"line":49}},"branchMap":{"0":{"loc":{"start":{"line":13,"column":12},"end":{"line":15,"column":13}},"type":"if","locations":[{"start":{"line":13,"column":12},"end":{"line":15,"column":13}},{"start":{},"end":{}}],"line":13},"1":{"loc":{"start":{"line":19,"column":12},"end":{"line":26,"column":13}},"type":"if","locations":[{"start":{"line":19,"column":12},"end":{"line":26,"column":13}},{"start":{"line":24,"column":19},"end":{"line":26,"column":13}}],"line":19},"2":{"loc":{"start":{"line":21,"column":25},"end":{"line":21,"column":49}},"type":"binary-expr","locations":[{"start":{"line":21,"column":25},"end":{"line":21,"column":38}},{"start":{"line":21,"column":42},"end":{"line":21,"column":49}}],"line":21},"3":{"loc":{"start":{"line":22,"column":27},"end":{"line":22,"column":56}},"type":"binary-expr","locations":[{"start":{"line":22,"column":27},"end":{"line":22,"column":36}},{"start":{"line":22,"column":40},"end":{"line":22,"column":56}}],"line":22},"4":{"loc":{"start":{"line":45,"column":13},"end":{"line":45,"column":61}},"type":"binary-expr","locations":[{"start":{"line":45,"column":13},"end":{"line":45,"column":18}},{"start":{"line":45,"column":22},"end":{"line":45,"column":61}}],"line":45},"5":{"loc":{"start":{"line":47,"column":17},"end":{"line":56,"column":17}},"type":"cond-expr","locations":[{"start":{"line":48,"column":20},"end":{"line":53,"column":22}},{"start":{"line":55,"column":20},"end":{"line":55,"column":77}}],"line":47}},"s":{"0":3,"1":9,"2":9,"3":9,"4":9,"5":2,"6":2,"7":2,"8":1,"9":1,"10":1,"11":1,"12":2,"13":0,"14":1,"15":1,"16":1,"17":1,"18":9,"19":2,"20":2},"f":{"0":9,"1":2,"2":2,"3":2,"4":2},"b":{"0":[1,1],"1":[1,0],"2":[2,0],"3":[2,0],"4":[9,1],"5":[1,8]},"_coverageSchema":"1a1c01bbd47fc00a2c39e90264f33305004495a9","hash":"00013abaf74e47d1791a0b287867dfbb707561a1"}
,"/app/src/LoginForm.jsx": {"path":"/app/src/LoginForm.jsx","statementMap":{"0":{"start":{"line":5,"column":34},"end":{"line":5,"column":46}},"1":{"start":{"line":6,"column":34},"end":{"line":6,"column":46}},"2":{"start":{"line":7,"column":28},"end":{"line":7,"column":42}},"3":{"start":{"line":8,"column":20},"end":{"line":8,"column":29}},"4":{"start":{"line":10,"column":23},"end":{"line":17,"column":3}},"5":{"start":{"line":11,"column":4},"end":{"line":11,"column":23}},"6":{"start":{"line":12,"column":4},"end":{"line":12,"column":19}},"7":{"start":{"line":13,"column":19},"end":{"line":13,"column":50}},"8":{"start":{"line":14,"column":4},"end":{"line":16,"column":5}},"9":{"start":{"line":15,"column":6},"end":{"line":15,"column":31}},"10":{"start":{"line":19,"column":2},"end":{"line":53,"column":4}},"11":{"start":{"line":30,"column":29},"end":{"line":30,"column":56}},"12":{"start":{"line":40,"column":29},"end":{"line":40,"column":56}}},"fnMap":{"0":{"name":"LoginForm","decl":{"start":{"line":4,"column":24},"end":{"line":4,"column":33}},"loc":{"start":{"line":4,"column":56},"end":{"line":54,"column":1}},"line":4},"1":{"name":"(anonymous_1)","decl":{"start":{"line":10,"column":23},"end":{"line":10,"column":24}},"loc":{"start":{"line":10,"column":36},"end":{"line":17,"column":3}},"line":10},"2":{"name":"(anonymous_2)","decl":{"start":{"line":30,"column":22},"end":{"line":30,"column":23}},"loc":{"start":{"line":30,"column":29},"end":{"line":30,"column":56}},"line":30},"3":{"name":"(anonymous_3)","decl":{"start":{"line":40,"column":22},"end":{"line":40,"column":23}},"loc":{"start":{"line":40,"column":29},"end":{"line":40,"column":56}},"line":40}},"branchMap":{"0":{"loc":{"start":{"line":14,"column":4},"end":{"line":16,"column":5}},"type":"if","locations":[{"start":{"line":14,"column":4},"end":{"line":16,"column":5}},{"start":{},"end":{}}],"line":14},"1":{"loc":{"start":{"line":22,"column":7},"end":{"line":22,"column":48}},"type":"binary-expr","locations":[{"start":{"line":22,"column":7},"end":{"line":22,"column":12}},{"start":{"line":22,"column":16},"end":{"line":22,"column":48}}],"line":22}},"s":{"0":19,"1":19,"2":19,"3":19,"4":19,"5":4,"6":4,"7":4,"8":4,"9":3,"10":19,"11":4,"12":3},"f":{"0":19,"1":4,"2":4,"3":3},"b":{"0":[3,1],"1":[19,3]},"_coverageSchema":"1a1c01bbd47fc00a2c39e90264f33305004495a9","hash":"840401a94d83c68e1ec5ea33dbb97525ec609dd0"}
,"/app/src/RegisterForm.jsx": {"path":"/app/src/RegisterForm.jsx","statementMap":{"0":{"start":{"line":5,"column":34},"end":{"line":5,"column":46}},"1":{"start":{"line":6,"column":34},"end":{"line":6,"column":46}},"2":{"start":{"line":7,"column":28},"end":{"line":7,"column":42}},"3":{"start":{"line":8,"column":23},"end":{"line":8,"column":32}},"4":{"start":{"line":10,"column":23},"end":{"line":17,"column":3}},"5":{"start":{"line":11,"column":4},"end":{"line":11,"column":23}},"6":{"start":{"line":12,"column":4},"end":{"line":12,"column":19}},"7":{"start":{"line":13,"column":19},"end":{"line":13,"column":53}},"8":{"start":{"line":14,"column":4},"end":{"line":16,"column":5}},"9":{"start":{"line":15,"column":6},"end":{"line":15,"column":31}},"10":{"start":{"line":19,"column":2},"end":{"line":53,"column":4}},"11":{"start":{"line":30,"column":29},"end":{"line":30,"column":56}},"12":{"start":{"line":40,"column":29},"end":{"line":40,"column":56}}},"fnMap":{"0":{"name":"RegisterForm","decl":{"start":{"line":4,"column":24},"end":{"line":4,"column":36}},"loc":{"start":{"line":4,"column":56},"end":{"line":54,"column":1}},"line":4},"1":{"name":"(anonymous_1)","decl":{"start":{"line":10,"column":23},"end":{"line":10,"column":24}},"loc":{"start":{"line":10,"column":36},"end":{"line":17,"column":3}},"line":10},"2":{"name":"(anonymous_2)","decl":{"start":{"line":30,"column":22},"end":{"line":30,"column":23}},"loc":{"start":{"line":30,"column":29},"end":{"line":30,"column":56}},"line":30},"3":{"name":"(anonymous_3)","decl":{"start":{"line":40,"column":22},"end":{"line":40,"column":23}},"loc":{"start":{"line":40,"column":29},"end":{"line":40,"column":56}},"line":40}},"branchMap":{"0":{"loc":{"start":{"line":14,"column":4},"end":{"line":16,"column":5}},"type":"if","locations":[{"start":{"line":14,"column":4},"end":{"line":16,"column":5}},{"start":{},"end":{}}],"line":14},"1":{"loc":{"start":{"line":22,"column":7},"end":{"line":22,"column":48}},"type":"binary-expr","locations":[{"start":{"line":22,"column":7},"end":{"line":22,"column":12}},{"start":{"line":22,"column":16},"end":{"line":22,"column":48}}],"line":22}},"s":{"0":18,"1":18,"2":18,"3":18,"4":18,"5":4,"6":4,"7":4,"8":4,"9":3,"10":18,"11":4,"12":3},"f":{"0":18,"1":4,"2":4,"3":3},"b":{"0":[3,1],"1":[18,3]},"_coverageSchema":"1a1c01bbd47fc00a2c39e90264f33305004495a9","hash":"2c6399689f35ae7c49f8573050496330fec75ffd"}
}
