{"/app/src/ContactList.jsx": {"path":"/app/src/ContactList.jsx","statementMap":{"0":{"start":{"line":3,"column":20},"end":{"line":82,"column":1}},"1":{"start":{"line":4,"column":19},"end":{"line":27,"column":3}},"2":{"start":{"line":6,"column":4},"end":{"line":26,"column":5}},"3":{"start":{"line":7,"column":22},"end":{"line":9,"column":7}},"4":{"start":{"line":11,"column":23},"end":{"line":14,"column":7}},"5":{"start":{"line":16,"column":6},"end":{"line":22,"column":7}},"6":{"start":{"line":18,"column":8},"end":{"line":18,"column":25}},"7":{"start":{"line":20,"column":8},"end":{"line":20,"column":74}},"8":{"start":{"line":24,"column":6},"end":{"line":24,"column":54}},"9":{"start":{"line":29,"column":2},"end":{"line":81,"column":4}},"10":{"start":{"line":48,"column":14},"end":{"line":68,"column":19}},"11":{"start":{"line":56,"column":35},"end":{"line":56,"column":57}},"12":{"start":{"line":62,"column":35},"end":{"line":62,"column":55}}},"fnMap":{"0":{"name":"(anonymous_0)","decl":{"start":{"line":3,"column":20},"end":{"line":3,"column":21}},"loc":{"start":{"line":3,"column":69},"end":{"line":82,"column":1}},"line":3},"1":{"name":"(anonymous_1)","decl":{"start":{"line":4,"column":19},"end":{"line":4,"column":20}},"loc":{"start":{"line":4,"column":33},"end":{"line":27,"column":3}},"line":4},"2":{"name":"(anonymous_2)","decl":{"start":{"line":46,"column":25},"end":{"line":46,"column":26}},"loc":{"start":{"line":48,"column":14},"end":{"line":68,"column":19}},"line":48},"3":{"name":"(anonymous_3)","decl":{"start":{"line":56,"column":29},"end":{"line":56,"column":30}},"loc":{"start":{"line":56,"column":35},"end":{"line":56,"column":57}},"line":56},"4":{"name":"(anonymous_4)","decl":{"start":{"line":62,"column":29},"end":{"line":62,"column":30}},"loc":{"start":{"line":62,"column":35},"end":{"line":62,"column":55}},"line":62}},"branchMap":{"0":{"loc":{"start":{"line":16,"column":6},"end":{"line":22,"column":7}},"type":"if","locations":[{"start":{"line":16,"column":6},"end":{"line":22,"column":7}},{"start":{"line":19,"column":13},"end":{"line":22,"column":7}}],"line":16},"1":{"loc":{"start":{"line":45,"column":11},"end":{"line":77,"column":11}},"type":"cond-expr","locations":[{"start":{"line":46,"column":12},"end":{"line":69,"column":14}},{"start":{"line":72,"column":12},"end":{"line":76,"column":17}}],"line":45}},"s":{"0":1,"1":3,"2":1,"3":1,"4":1,"5":1,"6":1,"7":0,"8":0,"9":3,"10":6,"11":1,"12":1},"f":{"0":3,"1":1,"2":6,"3":1,"4":1},"b":{"0":[1,0],"1":[3,0]},"_coverageSchema":"1a1c01bbd47fc00a2c39e90264f33305004495a9","hash":"ff7e24f4e69c4ed11854ba3246a9203b6b77affc"}
,"/app/src/pages/ImageSearch.jsx": {"path":"/app/src/pages/ImageSearch.jsx","statementMap":{"0":{"start":{"line":3,"column":20},"end":{"line":463,"column":1}},"1":{"start":{"line":4,"column":28},"end":{"line":4,"column":45}},"2":{"start":{"line":6,"column":30},"end":{"line":6,"column":42}},"3":{"start":{"line":8,"column":32},"end":{"line":8,"column":44}},"4":{"start":{"line":10,"column":30},"end":{"line":10,"column":44}},"5":{"start":{"line":12,"column":34},"end":{"line":12,"column":49}},"6":{"start":{"line":15,"column":34},"end":{"line":15,"column":46}},"7":{"start":{"line":16,"column":42},"end":{"line":16,"column":54}},"8":{"start":{"line":17,"column":40},"end":{"line":17,"column":51}},"9":{"start":{"line":18,"column":38},"end":{"line":18,"column":50}},"10":{"start":{"line":19,"column":40},"end":{"line":19,"column":52}},"11":{"start":{"line":20,"column":46},"end":{"line":20,"column":58}},"12":{"start":{"line":24,"column":26},"end":{"line":24,"column":43}},"13":{"start":{"line":27,"column":40},"end":{"line":27,"column":52}},"14":{"start":{"line":28,"column":44},"end":{"line":28,"column":56}},"15":{"start":{"line":29,"column":44},"end":{"line":29,"column":59}},"16":{"start":{"line":30,"column":40},"end":{"line":30,"column":54}},"17":{"start":{"line":33,"column":44},"end":{"line":36,"column":6}},"18":{"start":{"line":34,"column":22},"end":{"line":34,"column":64}},"19":{"start":{"line":35,"column":8},"end":{"line":35,"column":46}},"20":{"start":{"line":37,"column":44},"end":{"line":40,"column":6}},"21":{"start":{"line":38,"column":22},"end":{"line":38,"column":64}},"22":{"start":{"line":39,"column":8},"end":{"line":39,"column":46}},"23":{"start":{"line":43,"column":26},"end":{"line":45,"column":5}},"24":{"start":{"line":44,"column":8},"end":{"line":44,"column":57}},"25":{"start":{"line":48,"column":25},"end":{"line":178,"column":5}},"26":{"start":{"line":50,"column":8},"end":{"line":54,"column":9}},"27":{"start":{"line":51,"column":12},"end":{"line":51,"column":53}},"28":{"start":{"line":52,"column":12},"end":{"line":52,"column":26}},"29":{"start":{"line":53,"column":12},"end":{"line":53,"column":19}},"30":{"start":{"line":57,"column":8},"end":{"line":61,"column":9}},"31":{"start":{"line":58,"column":31},"end":{"line":58,"column":93}},"32":{"start":{"line":58,"column":67},"end":{"line":58,"column":78}},"33":{"start":{"line":59,"column":12},"end":{"line":59,"column":40}},"34":{"start":{"line":60,"column":12},"end":{"line":60,"column":60}},"35":{"start":{"line":64,"column":8},"end":{"line":64,"column":25}},"36":{"start":{"line":65,"column":8},"end":{"line":65,"column":23}},"37":{"start":{"line":66,"column":8},"end":{"line":66,"column":22}},"38":{"start":{"line":68,"column":8},"end":{"line":177,"column":9}},"39":{"start":{"line":70,"column":22},"end":{"line":70,"column":94}},"40":{"start":{"line":75,"column":12},"end":{"line":77,"column":13}},"41":{"start":{"line":76,"column":16},"end":{"line":76,"column":65}},"42":{"start":{"line":80,"column":12},"end":{"line":84,"column":13}},"43":{"start":{"line":83,"column":16},"end":{"line":83,"column":73}},"44":{"start":{"line":87,"column":12},"end":{"line":89,"column":13}},"45":{"start":{"line":88,"column":16},"end":{"line":88,"column":71}},"46":{"start":{"line":92,"column":12},"end":{"line":96,"column":13}},"47":{"start":{"line":95,"column":16},"end":{"line":95,"column":69}},"48":{"start":{"line":99,"column":12},"end":{"line":103,"column":13}},"49":{"start":{"line":102,"column":16},"end":{"line":102,"column":71}},"50":{"start":{"line":106,"column":12},"end":{"line":110,"column":13}},"51":{"start":{"line":109,"column":16},"end":{"line":109,"column":77}},"52":{"start":{"line":119,"column":12},"end":{"line":119,"column":46}},"53":{"start":{"line":122,"column":29},"end":{"line":126,"column":14}},"54":{"start":{"line":129,"column":12},"end":{"line":142,"column":13}},"55":{"start":{"line":130,"column":31},"end":{"line":130,"column":71}},"56":{"start":{"line":131,"column":16},"end":{"line":139,"column":17}},"57":{"start":{"line":133,"column":38},"end":{"line":133,"column":59}},"58":{"start":{"line":134,"column":20},"end":{"line":136,"column":21}},"59":{"start":{"line":135,"column":24},"end":{"line":135,"column":51}},"60":{"start":{"line":138,"column":20},"end":{"line":138,"column":85}},"61":{"start":{"line":141,"column":16},"end":{"line":141,"column":42}},"62":{"start":{"line":145,"column":25},"end":{"line":145,"column":46}},"63":{"start":{"line":148,"column":12},"end":{"line":159,"column":13}},"64":{"start":{"line":149,"column":16},"end":{"line":155,"column":21}},"65":{"start":{"line":149,"column":51},"end":{"line":155,"column":17}},"66":{"start":{"line":158,"column":16},"end":{"line":158,"column":30}},"67":{"start":{"line":163,"column":12},"end":{"line":163,"column":55}},"68":{"start":{"line":165,"column":31},"end":{"line":165,"column":72}},"69":{"start":{"line":166,"column":12},"end":{"line":171,"column":13}},"70":{"start":{"line":167,"column":17},"end":{"line":167,"column":136}},"71":{"start":{"line":168,"column":19},"end":{"line":171,"column":13}},"72":{"start":{"line":170,"column":17},"end":{"line":170,"column":42}},"73":{"start":{"line":172,"column":12},"end":{"line":172,"column":35}},"74":{"start":{"line":173,"column":12},"end":{"line":173,"column":26}},"75":{"start":{"line":176,"column":12},"end":{"line":176,"column":30}},"76":{"start":{"line":181,"column":30},"end":{"line":226,"column":5}},"77":{"start":{"line":182,"column":8},"end":{"line":186,"column":9}},"78":{"start":{"line":183,"column":12},"end":{"line":183,"column":58}},"79":{"start":{"line":184,"column":12},"end":{"line":184,"column":32}},"80":{"start":{"line":185,"column":12},"end":{"line":185,"column":19}},"81":{"start":{"line":189,"column":8},"end":{"line":193,"column":9}},"82":{"start":{"line":190,"column":31},"end":{"line":190,"column":103}},"83":{"start":{"line":190,"column":72},"end":{"line":190,"column":88}},"84":{"start":{"line":191,"column":12},"end":{"line":191,"column":40}},"85":{"start":{"line":192,"column":12},"end":{"line":192,"column":60}},"86":{"start":{"line":195,"column":8},"end":{"line":195,"column":30}},"87":{"start":{"line":196,"column":8},"end":{"line":196,"column":28}},"88":{"start":{"line":197,"column":8},"end":{"line":197,"column":28}},"89":{"start":{"line":198,"column":8},"end":{"line":225,"column":9}},"90":{"start":{"line":199,"column":22},"end":{"line":199,"column":98}},"91":{"start":{"line":200,"column":29},"end":{"line":200,"column":45}},"92":{"start":{"line":201,"column":12},"end":{"line":210,"column":13}},"93":{"start":{"line":202,"column":31},"end":{"line":202,"column":71}},"94":{"start":{"line":203,"column":16},"end":{"line":208,"column":26}},"95":{"start":{"line":204,"column":38},"end":{"line":204,"column":59}},"96":{"start":{"line":205,"column":20},"end":{"line":207,"column":21}},"97":{"start":{"line":206,"column":24},"end":{"line":206,"column":51}},"98":{"start":{"line":209,"column":16},"end":{"line":209,"column":42}},"99":{"start":{"line":211,"column":25},"end":{"line":211,"column":46}},"100":{"start":{"line":212,"column":12},"end":{"line":219,"column":13}},"101":{"start":{"line":213,"column":16},"end":{"line":216,"column":21}},"102":{"start":{"line":213,"column":57},"end":{"line":216,"column":17}},"103":{"start":{"line":218,"column":16},"end":{"line":218,"column":36}},"104":{"start":{"line":221,"column":12},"end":{"line":221,"column":69}},"105":{"start":{"line":222,"column":12},"end":{"line":222,"column":32}},"106":{"start":{"line":224,"column":12},"end":{"line":224,"column":35}},"107":{"start":{"line":228,"column":4},"end":{"line":462,"column":6}},"108":{"start":{"line":235,"column":39},"end":{"line":235,"column":54}},"109":{"start":{"line":241,"column":39},"end":{"line":241,"column":54}},"110":{"start":{"line":255,"column":53},"end":{"line":255,"column":77}},"111":{"start":{"line":273,"column":44},"end":{"line":279,"column":53}},"112":{"start":{"line":275,"column":65},"end":{"line":275,"column":80}},"113":{"start":{"line":275,"column":81},"end":{"line":275,"column":96}},"114":{"start":{"line":289,"column":51},"end":{"line":289,"column":77}},"115":{"start":{"line":304,"column":51},"end":{"line":304,"column":81}},"116":{"start":{"line":318,"column":51},"end":{"line":318,"column":88}},"117":{"start":{"line":325,"column":51},"end":{"line":325,"column":79}},"118":{"start":{"line":337,"column":51},"end":{"line":337,"column":80}},"119":{"start":{"line":358,"column":51},"end":{"line":358,"column":83}},"120":{"start":{"line":380,"column":40},"end":{"line":388,"column":46}},"121":{"start":{"line":385,"column":66},"end":{"line":385,"column":90}},"122":{"start":{"line":385,"column":91},"end":{"line":385,"column":168}},"123":{"start":{"line":407,"column":51},"end":{"line":407,"column":80}},"124":{"start":{"line":425,"column":44},"end":{"line":431,"column":53}},"125":{"start":{"line":427,"column":65},"end":{"line":427,"column":85}},"126":{"start":{"line":427,"column":86},"end":{"line":427,"column":106}},"127":{"start":{"line":441,"column":40},"end":{"line":447,"column":46}}},"fnMap":{"0":{"name":"(anonymous_0)","decl":{"start":{"line":3,"column":20},"end":{"line":3,"column":21}},"loc":{"start":{"line":3,"column":26},"end":{"line":463,"column":1}},"line":3},"1":{"name":"(anonymous_1)","decl":{"start":{"line":33,"column":53},"end":{"line":33,"column":54}},"loc":{"start":{"line":33,"column":59},"end":{"line":36,"column":5}},"line":33},"2":{"name":"(anonymous_2)","decl":{"start":{"line":37,"column":53},"end":{"line":37,"column":54}},"loc":{"start":{"line":37,"column":59},"end":{"line":40,"column":5}},"line":37},"3":{"name":"(anonymous_3)","decl":{"start":{"line":43,"column":26},"end":{"line":43,"column":27}},"loc":{"start":{"line":43,"column":42},"end":{"line":45,"column":5}},"line":43},"4":{"name":"(anonymous_4)","decl":{"start":{"line":48,"column":25},"end":{"line":48,"column":26}},"loc":{"start":{"line":48,"column":37},"end":{"line":178,"column":5}},"line":48},"5":{"name":"(anonymous_5)","decl":{"start":{"line":58,"column":62},"end":{"line":58,"column":63}},"loc":{"start":{"line":58,"column":67},"end":{"line":58,"column":78}},"line":58},"6":{"name":"(anonymous_6)","decl":{"start":{"line":149,"column":43},"end":{"line":149,"column":44}},"loc":{"start":{"line":149,"column":51},"end":{"line":155,"column":17}},"line":149},"7":{"name":"(anonymous_7)","decl":{"start":{"line":181,"column":30},"end":{"line":181,"column":31}},"loc":{"start":{"line":181,"column":42},"end":{"line":226,"column":5}},"line":181},"8":{"name":"(anonymous_8)","decl":{"start":{"line":190,"column":67},"end":{"line":190,"column":68}},"loc":{"start":{"line":190,"column":72},"end":{"line":190,"column":88}},"line":190},"9":{"name":"(anonymous_9)","decl":{"start":{"line":213,"column":49},"end":{"line":213,"column":50}},"loc":{"start":{"line":213,"column":57},"end":{"line":216,"column":17}},"line":213},"10":{"name":"(anonymous_10)","decl":{"start":{"line":235,"column":33},"end":{"line":235,"column":34}},"loc":{"start":{"line":235,"column":39},"end":{"line":235,"column":54}},"line":235},"11":{"name":"(anonymous_11)","decl":{"start":{"line":241,"column":33},"end":{"line":241,"column":34}},"loc":{"start":{"line":241,"column":39},"end":{"line":241,"column":54}},"line":241},"12":{"name":"(anonymous_12)","decl":{"start":{"line":255,"column":46},"end":{"line":255,"column":47}},"loc":{"start":{"line":255,"column":53},"end":{"line":255,"column":77}},"line":255},"13":{"name":"(anonymous_13)","decl":{"start":{"line":272,"column":58},"end":{"line":272,"column":59}},"loc":{"start":{"line":273,"column":44},"end":{"line":279,"column":53}},"line":273},"14":{"name":"(anonymous_14)","decl":{"start":{"line":275,"column":57},"end":{"line":275,"column":58}},"loc":{"start":{"line":275,"column":63},"end":{"line":275,"column":98}},"line":275},"15":{"name":"(anonymous_15)","decl":{"start":{"line":289,"column":46},"end":{"line":289,"column":47}},"loc":{"start":{"line":289,"column":51},"end":{"line":289,"column":77}},"line":289},"16":{"name":"(anonymous_16)","decl":{"start":{"line":304,"column":46},"end":{"line":304,"column":47}},"loc":{"start":{"line":304,"column":51},"end":{"line":304,"column":81}},"line":304},"17":{"name":"(anonymous_17)","decl":{"start":{"line":318,"column":46},"end":{"line":318,"column":47}},"loc":{"start":{"line":318,"column":51},"end":{"line":318,"column":88}},"line":318},"18":{"name":"(anonymous_18)","decl":{"start":{"line":325,"column":46},"end":{"line":325,"column":47}},"loc":{"start":{"line":325,"column":51},"end":{"line":325,"column":79}},"line":325},"19":{"name":"(anonymous_19)","decl":{"start":{"line":337,"column":46},"end":{"line":337,"column":47}},"loc":{"start":{"line":337,"column":51},"end":{"line":337,"column":80}},"line":337},"20":{"name":"(anonymous_20)","decl":{"start":{"line":358,"column":46},"end":{"line":358,"column":47}},"loc":{"start":{"line":358,"column":51},"end":{"line":358,"column":83}},"line":358},"21":{"name":"(anonymous_21)","decl":{"start":{"line":379,"column":48},"end":{"line":379,"column":49}},"loc":{"start":{"line":380,"column":40},"end":{"line":388,"column":46}},"line":380},"22":{"name":"(anonymous_22)","decl":{"start":{"line":385,"column":57},"end":{"line":385,"column":58}},"loc":{"start":{"line":385,"column":64},"end":{"line":385,"column":170}},"line":385},"23":{"name":"(anonymous_23)","decl":{"start":{"line":407,"column":46},"end":{"line":407,"column":47}},"loc":{"start":{"line":407,"column":51},"end":{"line":407,"column":80}},"line":407},"24":{"name":"(anonymous_24)","decl":{"start":{"line":424,"column":58},"end":{"line":424,"column":59}},"loc":{"start":{"line":425,"column":44},"end":{"line":431,"column":53}},"line":425},"25":{"name":"(anonymous_25)","decl":{"start":{"line":427,"column":57},"end":{"line":427,"column":58}},"loc":{"start":{"line":427,"column":63},"end":{"line":427,"column":108}},"line":427},"26":{"name":"(anonymous_26)","decl":{"start":{"line":440,"column":54},"end":{"line":440,"column":55}},"loc":{"start":{"line":441,"column":40},"end":{"line":447,"column":46}},"line":441}},"branchMap":{"0":{"loc":{"start":{"line":35,"column":15},"end":{"line":35,"column":45}},"type":"cond-expr","locations":[{"start":{"line":35,"column":23},"end":{"line":35,"column":40}},{"start":{"line":35,"column":43},"end":{"line":35,"column":45}}],"line":35},"1":{"loc":{"start":{"line":39,"column":15},"end":{"line":39,"column":45}},"type":"cond-expr","locations":[{"start":{"line":39,"column":23},"end":{"line":39,"column":40}},{"start":{"line":39,"column":43},"end":{"line":39,"column":45}}],"line":39},"2":{"loc":{"start":{"line":50,"column":8},"end":{"line":54,"column":9}},"type":"if","locations":[{"start":{"line":50,"column":8},"end":{"line":54,"column":9}},{"start":{},"end":{}}],"line":50},"3":{"loc":{"start":{"line":57,"column":8},"end":{"line":61,"column":9}},"type":"if","locations":[{"start":{"line":57,"column":8},"end":{"line":61,"column":9}},{"start":{},"end":{}}],"line":57},"4":{"loc":{"start":{"line":57,"column":12},"end":{"line":57,"column":72}},"type":"binary-expr","locations":[{"start":{"line":57,"column":12},"end":{"line":57,"column":17}},{"start":{"line":57,"column":22},"end":{"line":57,"column":42}},{"start":{"line":57,"column":46},"end":{"line":57,"column":71}}],"line":57},"5":{"loc":{"start":{"line":75,"column":12},"end":{"line":77,"column":13}},"type":"if","locations":[{"start":{"line":75,"column":12},"end":{"line":77,"column":13}},{"start":{},"end":{}}],"line":75},"6":{"loc":{"start":{"line":80,"column":12},"end":{"line":84,"column":13}},"type":"if","locations":[{"start":{"line":80,"column":12},"end":{"line":84,"column":13}},{"start":{},"end":{}}],"line":80},"7":{"loc":{"start":{"line":87,"column":12},"end":{"line":89,"column":13}},"type":"if","locations":[{"start":{"line":87,"column":12},"end":{"line":89,"column":13}},{"start":{},"end":{}}],"line":87},"8":{"loc":{"start":{"line":92,"column":12},"end":{"line":96,"column":13}},"type":"if","locations":[{"start":{"line":92,"column":12},"end":{"line":96,"column":13}},{"start":{},"end":{}}],"line":92},"9":{"loc":{"start":{"line":99,"column":12},"end":{"line":103,"column":13}},"type":"if","locations":[{"start":{"line":99,"column":12},"end":{"line":103,"column":13}},{"start":{},"end":{}}],"line":99},"10":{"loc":{"start":{"line":106,"column":12},"end":{"line":110,"column":13}},"type":"if","locations":[{"start":{"line":106,"column":12},"end":{"line":110,"column":13}},{"start":{},"end":{}}],"line":106},"11":{"loc":{"start":{"line":129,"column":12},"end":{"line":142,"column":13}},"type":"if","locations":[{"start":{"line":129,"column":12},"end":{"line":142,"column":13}},{"start":{},"end":{}}],"line":129},"12":{"loc":{"start":{"line":134,"column":20},"end":{"line":136,"column":21}},"type":"if","locations":[{"start":{"line":134,"column":20},"end":{"line":136,"column":21}},{"start":{},"end":{}}],"line":134},"13":{"loc":{"start":{"line":134,"column":24},"end":{"line":134,"column":52}},"type":"binary-expr","locations":[{"start":{"line":134,"column":24},"end":{"line":134,"column":33}},{"start":{"line":134,"column":37},"end":{"line":134,"column":52}}],"line":134},"14":{"loc":{"start":{"line":148,"column":12},"end":{"line":159,"column":13}},"type":"if","locations":[{"start":{"line":148,"column":12},"end":{"line":159,"column":13}},{"start":{"line":156,"column":19},"end":{"line":159,"column":13}}],"line":148},"15":{"loc":{"start":{"line":151,"column":25},"end":{"line":151,"column":49}},"type":"binary-expr","locations":[{"start":{"line":151,"column":25},"end":{"line":151,"column":38}},{"start":{"line":151,"column":42},"end":{"line":151,"column":49}}],"line":151},"16":{"loc":{"start":{"line":152,"column":27},"end":{"line":152,"column":56}},"type":"binary-expr","locations":[{"start":{"line":152,"column":27},"end":{"line":152,"column":36}},{"start":{"line":152,"column":40},"end":{"line":152,"column":56}}],"line":152},"17":{"loc":{"start":{"line":165,"column":31},"end":{"line":165,"column":72}},"type":"binary-expr","locations":[{"start":{"line":165,"column":31},"end":{"line":165,"column":40}},{"start":{"line":165,"column":44},"end":{"line":165,"column":72}}],"line":165},"18":{"loc":{"start":{"line":166,"column":12},"end":{"line":171,"column":13}},"type":"if","locations":[{"start":{"line":166,"column":12},"end":{"line":171,"column":13}},{"start":{"line":168,"column":19},"end":{"line":171,"column":13}}],"line":166},"19":{"loc":{"start":{"line":168,"column":19},"end":{"line":171,"column":13}},"type":"if","locations":[{"start":{"line":168,"column":19},"end":{"line":171,"column":13}},{"start":{},"end":{}}],"line":168},"20":{"loc":{"start":{"line":182,"column":8},"end":{"line":186,"column":9}},"type":"if","locations":[{"start":{"line":182,"column":8},"end":{"line":186,"column":9}},{"start":{},"end":{}}],"line":182},"21":{"loc":{"start":{"line":189,"column":8},"end":{"line":193,"column":9}},"type":"if","locations":[{"start":{"line":189,"column":8},"end":{"line":193,"column":9}},{"start":{},"end":{}}],"line":189},"22":{"loc":{"start":{"line":189,"column":12},"end":{"line":189,"column":82}},"type":"binary-expr","locations":[{"start":{"line":189,"column":12},"end":{"line":189,"column":22}},{"start":{"line":189,"column":27},"end":{"line":189,"column":47}},{"start":{"line":189,"column":51},"end":{"line":189,"column":81}}],"line":189},"23":{"loc":{"start":{"line":201,"column":12},"end":{"line":210,"column":13}},"type":"if","locations":[{"start":{"line":201,"column":12},"end":{"line":210,"column":13}},{"start":{},"end":{}}],"line":201},"24":{"loc":{"start":{"line":205,"column":20},"end":{"line":207,"column":21}},"type":"if","locations":[{"start":{"line":205,"column":20},"end":{"line":207,"column":21}},{"start":{},"end":{}}],"line":205},"25":{"loc":{"start":{"line":205,"column":24},"end":{"line":205,"column":52}},"type":"binary-expr","locations":[{"start":{"line":205,"column":24},"end":{"line":205,"column":33}},{"start":{"line":205,"column":37},"end":{"line":205,"column":52}}],"line":205},"26":{"loc":{"start":{"line":212,"column":12},"end":{"line":219,"column":13}},"type":"if","locations":[{"start":{"line":212,"column":12},"end":{"line":219,"column":13}},{"start":{"line":217,"column":19},"end":{"line":219,"column":13}}],"line":212},"27":{"loc":{"start":{"line":215,"column":27},"end":{"line":215,"column":56}},"type":"binary-expr","locations":[{"start":{"line":215,"column":27},"end":{"line":215,"column":36}},{"start":{"line":215,"column":40},"end":{"line":215,"column":56}}],"line":215},"28":{"loc":{"start":{"line":221,"column":26},"end":{"line":221,"column":67}},"type":"binary-expr","locations":[{"start":{"line":221,"column":26},"end":{"line":221,"column":35}},{"start":{"line":221,"column":39},"end":{"line":221,"column":67}}],"line":221},"29":{"loc":{"start":{"line":234,"column":118},"end":{"line":234,"column":232}},"type":"cond-expr","locations":[{"start":{"line":234,"column":136},"end":{"line":234,"column":167}},{"start":{"line":234,"column":170},"end":{"line":234,"column":232}}],"line":234},"30":{"loc":{"start":{"line":240,"column":118},"end":{"line":240,"column":232}},"type":"cond-expr","locations":[{"start":{"line":240,"column":136},"end":{"line":240,"column":167}},{"start":{"line":240,"column":170},"end":{"line":240,"column":232}}],"line":240},"31":{"loc":{"start":{"line":247,"column":21},"end":{"line":399,"column":21}},"type":"binary-expr","locations":[{"start":{"line":247,"column":21},"end":{"line":247,"column":36}},{"start":{"line":248,"column":24},"end":{"line":398,"column":30}}],"line":247},"32":{"loc":{"start":{"line":261,"column":46},"end":{"line":261,"column":63}},"type":"binary-expr","locations":[{"start":{"line":261,"column":46},"end":{"line":261,"column":53}},{"start":{"line":261,"column":57},"end":{"line":261,"column":63}}],"line":261},"33":{"loc":{"start":{"line":264,"column":37},"end":{"line":264,"column":72}},"type":"cond-expr","locations":[{"start":{"line":264,"column":47},"end":{"line":264,"column":61}},{"start":{"line":264,"column":64},"end":{"line":264,"column":72}}],"line":264},"34":{"loc":{"start":{"line":268,"column":29},"end":{"line":283,"column":29}},"type":"binary-expr","locations":[{"start":{"line":268,"column":29},"end":{"line":268,"column":52}},{"start":{"line":269,"column":32},"end":{"line":282,"column":38}}],"line":268},"35":{"loc":{"start":{"line":374,"column":29},"end":{"line":374,"column":107}},"type":"binary-expr","locations":[{"start":{"line":374,"column":29},"end":{"line":374,"column":36}},{"start":{"line":374,"column":40},"end":{"line":374,"column":107}}],"line":374},"36":{"loc":{"start":{"line":375,"column":29},"end":{"line":375,"column":94}},"type":"binary-expr","locations":[{"start":{"line":375,"column":29},"end":{"line":375,"column":34}},{"start":{"line":375,"column":38},"end":{"line":375,"column":94}}],"line":375},"37":{"loc":{"start":{"line":377,"column":29},"end":{"line":391,"column":29}},"type":"binary-expr","locations":[{"start":{"line":377,"column":29},"end":{"line":377,"column":46}},{"start":{"line":378,"column":32},"end":{"line":390,"column":38}}],"line":377},"38":{"loc":{"start":{"line":392,"column":29},"end":{"line":394,"column":29}},"type":"binary-expr","locations":[{"start":{"line":392,"column":29},"end":{"line":392,"column":37}},{"start":{"line":392,"column":41},"end":{"line":392,"column":47}},{"start":{"line":392,"column":51},"end":{"line":392,"column":70}},{"start":{"line":392,"column":74},"end":{"line":392,"column":79}},{"start":{"line":393,"column":32},"end":{"line":393,"column":157}}],"line":392},"39":{"loc":{"start":{"line":395,"column":29},"end":{"line":397,"column":29}},"type":"binary-expr","locations":[{"start":{"line":395,"column":29},"end":{"line":395,"column":37}},{"start":{"line":395,"column":41},"end":{"line":395,"column":47}},{"start":{"line":395,"column":51},"end":{"line":395,"column":70}},{"start":{"line":395,"column":74},"end":{"line":395,"column":80}},{"start":{"line":396,"column":32},"end":{"line":396,"column":118}}],"line":395},"40":{"loc":{"start":{"line":400,"column":21},"end":{"line":458,"column":21}},"type":"binary-expr","locations":[{"start":{"line":400,"column":21},"end":{"line":400,"column":36}},{"start":{"line":401,"column":24},"end":{"line":457,"column":30}}],"line":400},"41":{"loc":{"start":{"line":413,"column":46},"end":{"line":413,"column":73}},"type":"binary-expr","locations":[{"start":{"line":413,"column":46},"end":{"line":413,"column":58}},{"start":{"line":413,"column":62},"end":{"line":413,"column":73}}],"line":413},"42":{"loc":{"start":{"line":416,"column":37},"end":{"line":416,"column":77}},"type":"cond-expr","locations":[{"start":{"line":416,"column":52},"end":{"line":416,"column":66}},{"start":{"line":416,"column":69},"end":{"line":416,"column":77}}],"line":416},"43":{"loc":{"start":{"line":420,"column":29},"end":{"line":435,"column":29}},"type":"binary-expr","locations":[{"start":{"line":420,"column":29},"end":{"line":420,"column":52}},{"start":{"line":421,"column":32},"end":{"line":434,"column":38}}],"line":420},"44":{"loc":{"start":{"line":436,"column":29},"end":{"line":436,"column":99}},"type":"binary-expr","locations":[{"start":{"line":436,"column":29},"end":{"line":436,"column":41}},{"start":{"line":436,"column":45},"end":{"line":436,"column":99}}],"line":436},"45":{"loc":{"start":{"line":437,"column":29},"end":{"line":437,"column":92}},"type":"binary-expr","locations":[{"start":{"line":437,"column":29},"end":{"line":437,"column":39}},{"start":{"line":437,"column":43},"end":{"line":437,"column":92}}],"line":437},"46":{"loc":{"start":{"line":438,"column":29},"end":{"line":450,"column":29}},"type":"binary-expr","locations":[{"start":{"line":438,"column":29},"end":{"line":438,"column":52}},{"start":{"line":439,"column":32},"end":{"line":449,"column":38}}],"line":438},"47":{"loc":{"start":{"line":451,"column":29},"end":{"line":453,"column":29}},"type":"binary-expr","locations":[{"start":{"line":451,"column":29},"end":{"line":451,"column":42}},{"start":{"line":451,"column":46},"end":{"line":451,"column":57}},{"start":{"line":451,"column":61},"end":{"line":451,"column":86}},{"start":{"line":451,"column":90},"end":{"line":451,"column":100}},{"start":{"line":452,"column":32},"end":{"line":452,"column":133}}],"line":451},"48":{"loc":{"start":{"line":454,"column":29},"end":{"line":456,"column":29}},"type":"binary-expr","locations":[{"start":{"line":454,"column":29},"end":{"line":454,"column":42}},{"start":{"line":454,"column":46},"end":{"line":454,"column":57}},{"start":{"line":454,"column":61},"end":{"line":454,"column":86}},{"start":{"line":454,"column":90},"end":{"line":454,"column":101}},{"start":{"line":455,"column":32},"end":{"line":455,"column":105}}],"line":454}},"s":{"0":1,"1":6,"2":6,"3":6,"4":6,"5":6,"6":6,"7":6,"8":6,"9":6,"10":6,"11":6,"12":6,"13":6,"14":6,"15":6,"16":6,"17":6,"18":4,"19":4,"20":6,"21":4,"22":4,"23":6,"24":0,"25":6,"26":0,"27":0,"28":0,"29":0,"30":0,"31":0,"32":0,"33":0,"34":0,"35":0,"36":0,"37":0,"38":0,"39":0,"40":0,"41":0,"42":0,"43":0,"44":0,"45":0,"46":0,"47":0,"48":0,"49":0,"50":0,"51":0,"52":0,"53":0,"54":0,"55":0,"56":0,"57":0,"58":0,"59":0,"60":0,"61":0,"62":0,"63":0,"64":0,"65":0,"66":0,"67":0,"68":0,"69":0,"70":0,"71":0,"72":0,"73":0,"74":0,"75":0,"76":6,"77":0,"78":0,"79":0,"80":0,"81":0,"82":0,"83":0,"84":0,"85":0,"86":0,"87":0,"88":0,"89":0,"90":0,"91":0,"92":0,"93":0,"94":0,"95":0,"96":0,"97":0,"98":0,"99":0,"100":0,"101":0,"102":0,"103":0,"104":0,"105":0,"106":0,"107":6,"108":0,"109":0,"110":2,"111":0,"112":0,"113":0,"114":0,"115":0,"116":0,"117":0,"118":0,"119":0,"120":0,"121":0,"122":0,"123":0,"124":0,"125":0,"126":0,"127":0},"f":{"0":6,"1":4,"2":4,"3":0,"4":0,"5":0,"6":0,"7":0,"8":0,"9":0,"10":0,"11":0,"12":2,"13":0,"14":0,"15":0,"16":0,"17":0,"18":0,"19":0,"20":0,"21":0,"22":0,"23":0,"24":0,"25":0,"26":0},"b":{"0":[0,4],"1":[0,4],"2":[0,0],"3":[0,0],"4":[0,0,0],"5":[0,0],"6":[0,0],"7":[0,0],"8":[0,0],"9":[0,0],"10":[0,0],"11":[0,0],"12":[0,0],"13":[0,0],"14":[0,0],"15":[0,0],"16":[0,0],"17":[0,0],"18":[0,0],"19":[0,0],"20":[0,0],"21":[0,0],"22":[0,0,0],"23":[0,0],"24":[0,0],"25":[0,0],"26":[0,0],"27":[0,0],"28":[0,0],"29":[6,0],"30":[0,6],"31":[6,6],"32":[6,6],"33":[0,6],"34":[6,0],"35":[6,0],"36":[6,0],"37":[6,0],"38":[6,6,6,6,2],"39":[6,6,6,6,4],"40":[6,0],"41":[0,0],"42":[0,0],"43":[0,0],"44":[0,0],"45":[0,0],"46":[0,0],"47":[0,0,0,0,0],"48":[0,0,0,0,0]},"_coverageSchema":"1a1c01bbd47fc00a2c39e90264f33305004495a9","hash":"48ae9bc84399483018a3c4025c8b57a069af5f87"}
}
