TN:
SF:src/App.jsx
FN:7,App
FN:24,(anonymous_1)
FN:34,(anonymous_2)
FN:36,(anonymous_3)
FN:40,(anonymous_4)
FN:46,(anonymous_5)
FNF:6
FNH:6
FNDA:24,App
FNDA:1,(anonymous_1)
FNDA:1,(anonymous_2)
FNDA:1,(anonymous_3)
FNDA:4,(anonymous_4)
FNDA:3,(anonymous_5)
DA:8,24
DA:9,24
DA:10,24
DA:12,24
DA:13,24
DA:15,24
DA:25,1
DA:26,1
DA:34,1
DA:36,1
DA:40,4
DA:46,3
LF:12
LH:12
BRDA:20,0,0,4
BRDA:20,0,1,20
BRDA:33,1,0,5
BRDA:33,1,1,15
BRDA:35,2,0,4
BRDA:35,2,1,11
BRF:6
BRH:6
end_of_record
TN:
SF:src/AuthContext.jsx
FN:8,(anonymous_0)
FN:9,(anonymous_1)
FN:10,(anonymous_2)
FN:13,AuthProvider
FN:15,(anonymous_4)
FN:18,(anonymous_5)
FN:37,(anonymous_6)
FN:44,(anonymous_7)
FN:65,(anonymous_8)
FN:86,(anonymous_9)
FN:107,(anonymous_10)
FNF:11
FNH:8
FNDA:0,(anonymous_0)
FNDA:0,(anonymous_1)
FNDA:0,(anonymous_2)
FNDA:12,AuthProvider
FNDA:8,(anonymous_4)
FNDA:4,(anonymous_5)
FNDA:11,(anonymous_6)
FNDA:3,(anonymous_7)
FNDA:3,(anonymous_8)
FNDA:1,(anonymous_9)
FNDA:57,(anonymous_10)
DA:4,2
DA:8,0
DA:9,0
DA:14,12
DA:15,12
DA:18,12
DA:19,4
DA:20,4
DA:23,4
DA:24,4
DA:25,4
DA:27,0
DA:28,0
DA:29,0
DA:32,0
DA:37,12
DA:38,11
DA:39,2
DA:44,12
DA:45,3
DA:46,3
DA:51,3
DA:52,3
DA:53,1
DA:54,1
DA:55,1
DA:56,1
DA:58,2
DA:60,0
DA:65,12
DA:66,3
DA:67,3
DA:72,3
DA:73,3
DA:74,1
DA:75,1
DA:76,1
DA:77,1
DA:79,2
DA:81,0
DA:86,12
DA:87,1
DA:88,1
DA:93,1
DA:94,1
DA:95,1
DA:98,12
DA:107,57
LF:48
LH:40
BRDA:23,0,0,4
BRDA:23,0,1,0
BRDA:38,1,0,2
BRDA:38,1,1,9
BRDA:52,2,0,1
BRDA:52,2,1,2
BRDA:52,3,0,3
BRDA:52,3,1,1
BRDA:58,4,0,2
BRDA:58,4,1,0
BRDA:73,5,0,1
BRDA:73,5,1,2
BRDA:73,6,0,3
BRDA:73,6,1,1
BRDA:79,7,0,2
BRDA:79,7,1,0
BRDA:87,8,0,1
BRDA:87,8,1,0
BRF:18
BRH:14
end_of_record
TN:
SF:src/ContactList.jsx
FN:3,(anonymous_0)
FN:4,(anonymous_1)
FN:46,(anonymous_2)
FN:56,(anonymous_3)
FN:62,(anonymous_4)
FNF:5
FNH:5
FNDA:3,(anonymous_0)
FNDA:1,(anonymous_1)
FNDA:6,(anonymous_2)
FNDA:1,(anonymous_3)
FNDA:1,(anonymous_4)
DA:3,1
DA:4,3
DA:6,1
DA:7,1
DA:11,1
DA:16,1
DA:18,1
DA:20,0
DA:24,0
DA:29,3
DA:48,6
DA:56,1
DA:62,1
LF:13
LH:11
BRDA:16,0,0,1
BRDA:16,0,1,0
BRDA:45,1,0,3
BRDA:45,1,1,0
BRF:4
BRH:2
end_of_record
TN:
SF:src/ImageSearch.jsx
FN:3,(anonymous_0)
FN:8,(anonymous_1)
FN:35,(anonymous_2)
FN:63,(anonymous_3)
FN:70,(anonymous_4)
FNF:5
FNH:4
FNDA:34,(anonymous_0)
FNDA:2,(anonymous_1)
FNDA:2,(anonymous_2)
FNDA:2,(anonymous_3)
FNDA:0,(anonymous_4)
DA:3,3
DA:4,34
DA:5,33
DA:6,33
DA:8,33
DA:9,2
DA:10,2
DA:11,2
DA:13,2
DA:16,2
DA:17,1
DA:18,1
DA:20,1
DA:21,1
DA:22,1
DA:26,0
DA:28,1
DA:31,1
DA:34,1
DA:35,2
DA:40,0
DA:45,1
DA:46,1
DA:48,1
DA:49,0
DA:52,1
DA:53,1
DA:57,33
DA:63,2
DA:71,0
LF:30
LH:26
BRDA:16,0,0,1
BRDA:16,0,1,1
BRDA:21,1,0,1
BRDA:21,1,1,0
BRDA:21,2,0,1
BRDA:21,2,1,1
BRDA:34,3,0,1
BRDA:34,3,1,0
BRDA:36,4,0,2
BRDA:36,4,1,0
BRDA:37,5,0,2
BRDA:37,5,1,0
BRDA:46,6,0,1
BRDA:46,6,1,0
BRDA:48,7,0,0
BRDA:48,7,1,1
BRDA:67,8,0,33
BRDA:67,8,1,1
BRDA:69,9,0,0
BRDA:69,9,1,33
BRDA:78,10,0,33
BRDA:78,10,1,32
BRF:22
BRH:15
end_of_record
TN:
SF:src/LoginForm.jsx
FN:4,LoginForm
FN:10,(anonymous_1)
FN:30,(anonymous_2)
FN:41,(anonymous_3)
FNF:4
FNH:4
FNDA:17,LoginForm
FNDA:3,(anonymous_1)
FNDA:4,(anonymous_2)
FNDA:3,(anonymous_3)
DA:5,17
DA:6,17
DA:7,17
DA:8,17
DA:10,17
DA:11,3
DA:12,3
DA:13,3
DA:14,3
DA:15,2
DA:19,17
DA:30,4
DA:41,3
LF:13
LH:13
BRDA:14,0,0,2
BRDA:14,0,1,1
BRDA:22,1,0,17
BRDA:22,1,1,2
BRF:4
BRH:4
end_of_record
TN:
SF:src/RegisterForm.jsx
FN:4,RegisterForm
FN:10,(anonymous_1)
FN:30,(anonymous_2)
FN:41,(anonymous_3)
FNF:4
FNH:4
FNDA:16,RegisterForm
FNDA:3,(anonymous_1)
FNDA:4,(anonymous_2)
FNDA:3,(anonymous_3)
DA:5,16
DA:6,16
DA:7,16
DA:8,16
DA:10,16
DA:11,3
DA:12,3
DA:13,3
DA:14,3
DA:15,2
DA:19,16
DA:30,4
DA:41,3
LF:13
LH:13
BRDA:14,0,0,2
BRDA:14,0,1,1
BRDA:22,1,0,16
BRDA:22,1,1,2
BRF:4
BRH:4
end_of_record
