TN:
SF:src/App.jsx
FN:10,App
FN:19,(anonymous_1)
FN:25,(anonymous_2)
FN:31,(anonymous_3)
FN:34,(anonymous_4)
FN:39,(anonymous_5)
FN:44,(anonymous_6)
FN:49,(anonymous_7)
FN:68,(anonymous_8)
FN:78,(anonymous_9)
FN:80,(anonymous_10)
FN:84,(anonymous_11)
FN:90,(anonymous_12)
FN:103,(anonymous_13)
FN:111,(anonymous_14)
FNF:15
FNH:9
FNDA:26,App
FNDA:10,(anonymous_1)
FNDA:0,(anonymous_2)
FNDA:0,(anonymous_3)
FNDA:0,(anonymous_4)
FNDA:0,(anonymous_5)
FNDA:0,(anonymous_6)
FNDA:0,(anonymous_7)
FNDA:1,(anonymous_8)
FNDA:1,(anonymous_9)
FNDA:1,(anonymous_10)
FNDA:4,(anonymous_11)
FNDA:3,(anonymous_12)
FNDA:1,(anonymous_13)
FNDA:1,(anonymous_14)
DA:11,26
DA:12,26
DA:13,26
DA:14,26
DA:15,26
DA:16,26
DA:19,26
DA:20,10
DA:21,0
DA:25,26
DA:26,0
DA:27,0
DA:29,0
DA:31,0
DA:34,26
DA:35,0
DA:36,0
DA:39,26
DA:40,0
DA:41,0
DA:44,26
DA:45,0
DA:46,0
DA:49,26
DA:50,0
DA:51,0
DA:52,0
DA:56,26
DA:57,26
DA:58,26
DA:60,26
DA:69,1
DA:70,1
DA:78,1
DA:80,1
DA:84,4
DA:90,3
DA:103,1
DA:111,1
LF:39
LH:25
BRDA:20,0,0,0
BRDA:20,0,1,10
BRDA:29,1,0,0
BRDA:29,1,1,0
BRDA:51,2,0,0
BRDA:51,2,1,0
BRDA:64,3,0,4
BRDA:64,3,1,22
BRDA:77,4,0,5
BRDA:77,4,1,17
BRDA:79,5,0,4
BRDA:79,5,1,13
BRDA:101,6,0,25
BRDA:101,6,1,1
BRDA:109,7,0,1
BRDA:109,7,1,25
BRDA:119,8,0,26
BRDA:119,8,1,25
BRDA:131,9,0,26
BRDA:131,9,1,1
BRDA:138,10,0,26
BRDA:138,10,1,0
BRDA:138,10,2,0
BRDA:149,11,0,0
BRDA:149,11,1,0
BRF:25
BRH:16
end_of_record
TN:
SF:src/AuthContext.jsx
FN:8,(anonymous_0)
FN:9,(anonymous_1)
FN:10,(anonymous_2)
FN:13,AuthProvider
FN:15,(anonymous_4)
FN:18,(anonymous_5)
FN:37,(anonymous_6)
FN:44,(anonymous_7)
FN:65,(anonymous_8)
FN:86,(anonymous_9)
FN:107,(anonymous_10)
FNF:11
FNH:8
FNDA:0,(anonymous_0)
FNDA:0,(anonymous_1)
FNDA:0,(anonymous_2)
FNDA:12,AuthProvider
FNDA:8,(anonymous_4)
FNDA:4,(anonymous_5)
FNDA:11,(anonymous_6)
FNDA:4,(anonymous_7)
FNDA:4,(anonymous_8)
FNDA:1,(anonymous_9)
FNDA:63,(anonymous_10)
DA:4,2
DA:8,0
DA:9,0
DA:14,12
DA:15,12
DA:18,12
DA:19,4
DA:20,4
DA:23,4
DA:24,4
DA:25,4
DA:27,0
DA:28,0
DA:29,0
DA:32,0
DA:37,12
DA:38,11
DA:39,2
DA:44,12
DA:45,4
DA:46,4
DA:51,4
DA:52,4
DA:53,1
DA:54,1
DA:55,1
DA:56,1
DA:58,3
DA:60,0
DA:65,12
DA:66,4
DA:67,4
DA:72,4
DA:73,4
DA:74,1
DA:75,1
DA:76,1
DA:77,1
DA:79,3
DA:81,0
DA:86,12
DA:87,1
DA:88,1
DA:93,1
DA:94,1
DA:95,1
DA:98,12
DA:107,63
LF:48
LH:40
BRDA:23,0,0,4
BRDA:23,0,1,0
BRDA:38,1,0,2
BRDA:38,1,1,9
BRDA:52,2,0,1
BRDA:52,2,1,3
BRDA:52,3,0,4
BRDA:52,3,1,1
BRDA:58,4,0,3
BRDA:58,4,1,0
BRDA:73,5,0,1
BRDA:73,5,1,3
BRDA:73,6,0,4
BRDA:73,6,1,1
BRDA:79,7,0,3
BRDA:79,7,1,0
BRDA:87,8,0,1
BRDA:87,8,1,0
BRF:18
BRH:14
end_of_record
TN:
SF:src/ContactForm.jsx
FN:3,(anonymous_0)
FN:12,(anonymous_1)
FN:57,(anonymous_2)
FN:68,(anonymous_3)
FN:79,(anonymous_4)
FNF:5
FNH:0
FNDA:0,(anonymous_0)
FNDA:0,(anonymous_1)
FNDA:0,(anonymous_2)
FNDA:0,(anonymous_3)
FNDA:0,(anonymous_4)
DA:3,2
DA:5,0
DA:6,0
DA:7,0
DA:10,0
DA:12,0
DA:13,0
DA:16,0
DA:24,0
DA:26,0
DA:35,0
DA:38,0
DA:40,0
DA:41,0
DA:44,0
DA:48,0
DA:57,0
DA:68,0
DA:79,0
LF:19
LH:1
BRDA:3,0,0,0
BRDA:5,1,0,0
BRDA:5,1,1,0
BRDA:6,2,0,0
BRDA:6,2,1,0
BRDA:7,3,0,0
BRDA:7,3,1,0
BRDA:25,4,0,0
BRDA:25,4,1,0
BRDA:27,5,0,0
BRDA:27,5,1,0
BRDA:38,6,0,0
BRDA:38,6,1,0
BRDA:38,7,0,0
BRDA:38,7,1,0
BRDA:84,8,0,0
BRDA:84,8,1,0
BRF:17
BRH:0
end_of_record
TN:
SF:src/ContactList.jsx
FN:3,(anonymous_0)
FN:4,(anonymous_1)
FN:41,(anonymous_2)
FN:49,(anonymous_3)
FN:51,(anonymous_4)
FNF:5
FNH:5
FNDA:28,(anonymous_0)
FNDA:1,(anonymous_1)
FNDA:6,(anonymous_2)
FNDA:1,(anonymous_3)
FNDA:1,(anonymous_4)
DA:3,3
DA:4,28
DA:6,1
DA:7,1
DA:10,1
DA:15,1
DA:17,1
DA:19,0
DA:23,0
DA:28,28
DA:42,6
DA:49,1
DA:51,1
LF:13
LH:11
BRDA:15,0,0,1
BRDA:15,0,1,0
BRF:2
BRH:1
end_of_record
TN:
SF:src/ImageSearch.jsx
FN:3,(anonymous_0)
FN:8,(anonymous_1)
FN:20,(anonymous_2)
FN:41,(anonymous_3)
FN:48,(anonymous_4)
FNF:5
FNH:5
FNDA:9,(anonymous_0)
FNDA:2,(anonymous_1)
FNDA:2,(anonymous_2)
FNDA:2,(anonymous_3)
FNDA:2,(anonymous_4)
DA:3,3
DA:4,9
DA:5,9
DA:6,9
DA:8,9
DA:9,2
DA:12,2
DA:13,2
DA:14,1
DA:16,1
DA:19,1
DA:20,2
DA:25,0
DA:27,1
DA:29,1
DA:30,1
DA:31,1
DA:35,9
DA:41,2
DA:49,2
LF:20
LH:19
BRDA:13,0,0,1
BRDA:13,0,1,1
BRDA:19,1,0,1
BRDA:19,1,1,0
BRDA:21,2,0,2
BRDA:21,2,1,0
BRDA:22,3,0,2
BRDA:22,3,1,0
BRDA:45,4,0,9
BRDA:45,4,1,1
BRDA:47,5,0,1
BRDA:47,5,1,8
BRF:12
BRH:9
end_of_record
TN:
SF:src/LoginForm.jsx
FN:4,LoginForm
FN:10,(anonymous_1)
FN:30,(anonymous_2)
FN:40,(anonymous_3)
FNF:4
FNH:4
FNDA:19,LoginForm
FNDA:4,(anonymous_1)
FNDA:4,(anonymous_2)
FNDA:3,(anonymous_3)
DA:5,19
DA:6,19
DA:7,19
DA:8,19
DA:10,19
DA:11,4
DA:12,4
DA:13,4
DA:14,4
DA:15,3
DA:19,19
DA:30,4
DA:40,3
LF:13
LH:13
BRDA:14,0,0,3
BRDA:14,0,1,1
BRDA:22,1,0,19
BRDA:22,1,1,3
BRF:4
BRH:4
end_of_record
TN:
SF:src/RegisterForm.jsx
FN:4,RegisterForm
FN:10,(anonymous_1)
FN:30,(anonymous_2)
FN:40,(anonymous_3)
FNF:4
FNH:4
FNDA:18,RegisterForm
FNDA:4,(anonymous_1)
FNDA:4,(anonymous_2)
FNDA:3,(anonymous_3)
DA:5,18
DA:6,18
DA:7,18
DA:8,18
DA:10,18
DA:11,4
DA:12,4
DA:13,4
DA:14,4
DA:15,3
DA:19,18
DA:30,4
DA:40,3
LF:13
LH:13
BRDA:14,0,0,3
BRDA:14,0,1,1
BRDA:22,1,0,18
BRDA:22,1,1,3
BRF:4
BRH:4
end_of_record
